
> echomap-frontend@0.1.0 dev
> next dev

 ⚠ Port 3000 is in use, trying 3001 instead.
   ▲ Next.js 15.1.0
   - Local:        http://localhost:3001
   - Network:      http://192.0.0.2:3001

 ✓ Starting...
 ✓ Ready in 1357ms
 ⚠ Found a change in next.config.ts. Restarting the server to apply the changes...
   ▲ Next.js 15.1.0
   - Local:        http://localhost:3001
   - Network:      http://192.0.0.2:3001

 ✓ Starting...

   We detected TypeScript in your project and reconfigured your tsconfig.json file for you.
   The following suggested values were added to your tsconfig.json. These values can be changed to fit your project's needs:

   	- incremental was set to true
   	- include was updated to add '.next/types/**/*.ts'
   	- plugins was updated to add { name: 'next' }

   The following mandatory changes were made to your tsconfig.json:

   	- jsx was set to preserve (next.js implements its own optimized jsx transform)

 ✓ Ready in 1298ms
[?25h
